<?xml version="1.0" encoding="UTF-8"?>
<!-- Generated by org.testng.reporters.JUnitXMLReporter -->
<testsuite hostname="DESKTOP-8FKLJ50" ignored="0" name="Default test" tests="5" failures="0" timestamp="02 Jul 2020 08:57:49 GMT" time="38.924" errors="0">
  <testcase name="checks_APIs" time="10.344" classname="com.framework.testcases.TC_001_ValidateWebServiceOfMethods"/>
  <testcase name="checks_APIs" time="3.269" classname="com.framework.testcases.TC_001_ValidateWebServiceOfMethods"/>
  <testcase name="checks_APIs" time="6.271" classname="com.framework.testcases.TC_001_ValidateWebServiceOfMethods"/>
  <testcase name="checks_APIs" time="5.264" classname="com.framework.testcases.TC_001_ValidateWebServiceOfMethods"/>
  <testcase name="checks_APIs" time="3.419" classname="com.framework.testcases.TC_001_ValidateWebServiceOfMethods"/>
</testsuite> <!-- Default test -->
