<?xml version="1.0" encoding="UTF-8"?>
<testsuite name="TestSuite" time="0.012" tests="5" errors="0" skipped="3" failures="2">
  <properties>
[...]
</properties>
  <testcase name="checks_APIs" classname="com.framework.testcases.TC_001_ValidateWebServiceMethods" time="0.012">
    <failure type="java.lang.NullPointerException:">java.lang.NullPointerException: null
	at com.framework.testcases.TC_001_ValidateWebServiceMethods.checks_APIs(TC_001_ValidateWebServiceMethods.java:54)
</failure>
    <system-out><![CDATA[[TestNGContentHandler] [WARN] It is strongly recommended to add "<!DOCTYPE suite SYSTEM "http://testng.org/testng-1.0.dtd" >" at the top of your file, otherwise TestNG may fail or not work as expected.
Test cases started row number :0
Test cases total column count are :12
Test cases total rows count are :5
PAGES--LIST USERS --RUNMODE--Y --HTTPMETHODS--GET --URL--https://reqres.in/api/users?page=2 --BODY-- --PATH--data[0].first_name --RESPONSE TIME--4000 --RESPONSE STATUS CODE--200 --RESPONSE HEADER-- --RESPONSE BODY--[{
    "page": 2,
    "per_page": 6,
    "total": 12,
    "total_pages": 2,
    "data": [
        {
            "id": 7,
            "email": "michael.lawson@reqres.in",
            "first_name": "Michael",
            "last_name": "Lawson",
            "avatar": "https://s3.amazonaws.com/uifaces/faces/twitter/follettkyle/128.jpg"
        },
        {
            "id": 8,
            "email": "lindsay.ferguson@reqres.in",
            "first_name": "Lindsay",
            "last_name": "Ferguson",
            "avatar": "https://s3.amazonaws.com/uifaces/faces/twitter/araa3185/128.jpg"
        },
        {
            "id": 9,
            "email": "tobias.funke@reqres.in",
            "first_name": "Tobias",
            "last_name": "Funke",
            "avatar": "https://s3.amazonaws.com/uifaces/faces/twitter/vivekprvr/128.jpg"
        },
        {
            "id": 10,
            "email": "byron.fields@reqres.in",
            "first_name": "Byron",
            "last_name": "Fields",
            "avatar": "https://s3.amazonaws.com/uifaces/faces/twitter/russoedu/128.jpg"
        },
        {
            "id": 11,
            "email": "george.edwards@reqres.in",
            "first_name": "George",
            "last_name": "Edwards",
            "avatar": "https://s3.amazonaws.com/uifaces/faces/twitter/mrmoiree/128.jpg"
        },
        {
            "id": 12,
            "email": "rachel.howell@reqres.in",
            "first_name": "Rachel",
            "last_name": "Howell",
            "avatar": "https://s3.amazonaws.com/uifaces/faces/twitter/hebertialmeida/128.jpg"
        }
    ],
    "ad": {
        "company": "StatusCode Weekly",
        "url": "http://statuscode.org/",
        "text": "A weekly newsletter focusing on software development, infrastructure, the server, performance, and the stack end of things."
    }
}] --RESPONSE FIELD VALUE--Michael --STATUS-- --
PAGES--SINGLE USER --RUNMODE--Y --HTTPMETHODS--GET --URL--https://reqres.in/api/users?page=2 --BODY-- --PATH--data.first_name --RESPONSE TIME--4000 --RESPONSE STATUS CODE--200 --RESPONSE HEADER-- --RESPONSE BODY--{
    "data": {
        "id": 2,
        "email": "janet.weaver@reqres.in",
        "first_name": "Janet",
        "last_name": "Weaver",
        "avatar": "https://s3.amazonaws.com/uifaces/faces/twitter/josephstein/128.jpg"
    },
    "ad": {
        "company": "StatusCode Weekly",
        "url": "http://statuscode.org/",
        "text": "A weekly newsletter focusing on software development, infrastructure, the server, performance, and the stack end of things."
    }
} --RESPONSE FIELD VALUE--Janet --STATUS-- --
PAGES--CREATE --RUNMODE--N --HTTPMETHODS--POST --URL--https://reqres.in/api/users --BODY--{
    "name": "morpheus",
    "job": "leader"
} --PATH--name --RESPONSE TIME--4000 --RESPONSE STATUS CODE--201 --RESPONSE HEADER-- --RESPONSE BODY--{
    "name": "morpheus",
    "job": "leader",
    "id": "828",
    "createdAt": "2020-06-29T06:04:49.786Z"
} --RESPONSE FIELD VALUE--morpheus --STATUS-- --
PAGES--UPDATE USER --RUNMODE--N --HTTPMETHODS--PUT --URL--https://reqres.in/api/users/2 --BODY--{
    "name": "morpheus",
    "job": "zion resident"
} --PATH--name --RESPONSE TIME--4000 --RESPONSE STATUS CODE--200 --RESPONSE HEADER-- --RESPONSE BODY--{
    "name": "morpheus",
    "job": "zion resident",
    "updatedAt": "2020-06-29T06:05:18.583Z"
} --RESPONSE FIELD VALUE--morpheus --STATUS-- --
PAGES--UPDATE PARTICULAR --RUNMODE--N --HTTPMETHODS--DELETE --URL--https://reqres.in/api/users/2 --BODY-- --PATH-- --RESPONSE TIME--4000 --RESPONSE STATUS CODE--200 --RESPONSE HEADER-- --RESPONSE BODY--{
    "name": "morpheus",
    "job": "zion resident",
    "updatedAt": "2020-06-29T06:05:36.400Z"
} --RESPONSE FIELD VALUE-- --STATUS-- --
]]></system-out>
  </testcase>
  <testcase name="checks_APIs" classname="com.framework.testcases.TC_001_ValidateWebServiceMethods" time="0.003">
    <failure type="java.lang.NullPointerException:">java.lang.NullPointerException: null
	at com.framework.testcases.TC_001_ValidateWebServiceMethods.checks_APIs(TC_001_ValidateWebServiceMethods.java:54)
</failure>
  </testcase>
  <testcase name="checks_APIs" classname="com.framework.testcases.TC_001_ValidateWebServiceMethods" time="0">
    <skipped/>
  </testcase>
  <testcase name="checks_APIs" classname="com.framework.testcases.TC_001_ValidateWebServiceMethods" time="0">
    <skipped/>
  </testcase>
  <testcase name="checks_APIs" classname="com.framework.testcases.TC_001_ValidateWebServiceMethods" time="0">
    <skipped/>
  </testcase>
</testsuite>