<?xml version="1.0" encoding="UTF-8"?>
<!-- Generated by org.testng.reporters.JUnitXMLReporter -->
<testsuite hostname="DESKTOP-8FKLJ50" ignored="0" name="API TESTING" tests="5" failures="2" timestamp="01 Jul 2020 08:43:42 GMT" time="1.996" errors="0">
  <testcase name="checks_APIs" time="0.005" classname="com.framework.testcases.TC_001_ValidateWebServiceMethods">
    <failure type="java.lang.NullPointerException">
      <![CDATA[java.lang.NullPointerException
	at com.framework.testcases.TC_001_ValidateWebServiceMethods.checks_APIs(TC_001_ValidateWebServiceMethods.java:54)
... Removed 28 stack frames]]>
    </failure>
  </testcase> <!-- checks_APIs -->
  <testcase name="checks_APIs" time="0.008" classname="com.framework.testcases.TC_001_ValidateWebServiceMethods">
    <failure type="java.lang.NullPointerException">
      <![CDATA[java.lang.NullPointerException
	at com.framework.testcases.TC_001_ValidateWebServiceMethods.checks_APIs(TC_001_ValidateWebServiceMethods.java:54)
... Removed 28 stack frames]]>
    </failure>
  </testcase> <!-- checks_APIs -->
  <testcase name="checks_APIs" time="0.003" classname="com.framework.testcases.TC_001_ValidateWebServiceMethods">
    <skipped/>
  </testcase> <!-- checks_APIs -->
  <testcase name="checks_APIs" time="0.004" classname="com.framework.testcases.TC_001_ValidateWebServiceMethods">
    <skipped/>
  </testcase> <!-- checks_APIs -->
  <testcase name="checks_APIs" time="0.004" classname="com.framework.testcases.TC_001_ValidateWebServiceMethods">
    <skipped/>
  </testcase> <!-- checks_APIs -->
</testsuite> <!-- API TESTING -->
